/.config             [33m (Status: 403)[0m [Size: 162]
/.history            [33m (Status: 403)[0m [Size: 162]
/.git/HEAD           [33m (Status: 403)[0m [Size: 162]
/.cache              [33m (Status: 403)[0m [Size: 162]
/.forward            [33m (Status: 403)[0m [Size: 162]
/.cvs                [33m (Status: 403)[0m [Size: 162]
/.cvsignore          [33m (Status: 403)[0m [Size: 162]
/.bash_history       [33m (Status: 403)[0m [Size: 162]
/.hta                [33m (Status: 403)[0m [Size: 162]
/.htaccess           [33m (Status: 403)[0m [Size: 162]
/.bashrc             [33m (Status: 403)[0m [Size: 162]
/.htpasswd           [33m (Status: 403)[0m [Size: 162]
/.ssh                [33m (Status: 403)[0m [Size: 162]
/.sh_history         [33m (Status: 403)[0m [Size: 162]
/.rhosts             [33m (Status: 403)[0m [Size: 162]
/.profile            [33m (Status: 403)[0m [Size: 162]
/.passwd             [33m (Status: 403)[0m [Size: 162]
/.perf               [33m (Status: 403)[0m [Size: 162]
/.mysql_history      [33m (Status: 403)[0m [Size: 162]
/.listings           [33m (Status: 403)[0m [Size: 162]
/.listing            [33m (Status: 403)[0m [Size: 162]
/.web                [33m (Status: 403)[0m [Size: 162]
/.svn/entries        [33m (Status: 403)[0m [Size: 162]
/.svn                [33m (Status: 403)[0m [Size: 162]
/.subversion         [33m (Status: 403)[0m [Size: 162]
/.swf                [33m (Status: 403)[0m [Size: 162]
/dashboard           [36m (Status: 302)[0m [Size: 334][34m [--> http://usage.htb/login][0m
/favicon.ico         [32m (Status: 200)[0m [Size: 0]
/index.php           [32m (Status: 200)[0m [Size: 5181]
/login               [32m (Status: 200)[0m [Size: 5141]
/logout              [36m (Status: 302)[0m [Size: 334][34m [--> http://usage.htb/login][0m
/registration        [32m (Status: 200)[0m [Size: 5112]
/robots.txt          [32m (Status: 200)[0m [Size: 24]
