/.htm                [33m (Status: 403)[0m [Size: 279]
/.php                [33m (Status: 403)[0m [Size: 279]
/.html               [33m (Status: 403)[0m [Size: 279]
/.hta                [33m (Status: 403)[0m [Size: 279]
/.hta.html           [33m (Status: 403)[0m [Size: 279]
/.hta.htm            [33m (Status: 403)[0m [Size: 279]
/.hta.conf           [33m (Status: 403)[0m [Size: 279]
/.hta.pdf            [33m (Status: 403)[0m [Size: 279]
/.htaccess.html      [33m (Status: 403)[0m [Size: 279]
/.hta.txt            [33m (Status: 403)[0m [Size: 279]
/.hta.php            [33m (Status: 403)[0m [Size: 279]
/.htaccess.htm       [33m (Status: 403)[0m [Size: 279]
/.htaccess.pdf       [33m (Status: 403)[0m [Size: 279]
/.htaccess           [33m (Status: 403)[0m [Size: 279]
/.htaccess.conf      [33m (Status: 403)[0m [Size: 279]
/.htaccess.txt       [33m (Status: 403)[0m [Size: 279]
/.htpasswd           [33m (Status: 403)[0m [Size: 279]
/.htaccess.php       [33m (Status: 403)[0m [Size: 279]
/.htpasswd.conf      [33m (Status: 403)[0m [Size: 279]
/.htpasswd.htm       [33m (Status: 403)[0m [Size: 279]
/.htpasswd.php       [33m (Status: 403)[0m [Size: 279]
/.htpasswd.pdf       [33m (Status: 403)[0m [Size: 279]
/.htpasswd.html      [33m (Status: 403)[0m [Size: 279]
/.htpasswd.txt       [33m (Status: 403)[0m [Size: 279]
/contacts.txt        [32m (Status: 200)[0m [Size: 350]
